# JRE version: Java(TM) SE Runtime Environment (24.0.1+9) (build 24.0.1+9-30)
# Java VM: Java HotSpot(TM) 64-Bit Server VM (24.0.1+9-30, mixed mode, sharing, tiered, compressed oops, compressed class ptrs, g1 gc, windows-amd64)
GC Precious Log:
 CardTable entry size: 512
 Card Set container configuration: InlinePtr #cards 5 size 8 Array Of Cards #cards 10 size 36 Howl #buckets 4 coarsen threshold 1843 Howl Bitmap #cards 512 size 80 coarsen threshold 460 Card regions per heap region 1 cards per card region 2048
 CPUs: 16 total, 16 available
 Memory: 16068M
 Large Page Support: Disabled
 NUMA Support: Disabled
 Compressed Oops: Enabled (32-bit)
 Heap Region Size: 1M
 Heap Min Capacity: 8M
 Heap Initial Capacity: 252M
 Heap Max Capacity: 1536M
 Pre-touch: Disabled
 Parallel Workers: 13
 Concurrent Workers: 3
 Concurrent Refinement Workers: 13
 Periodic GC: Disabled
Heap:
 garbage-first heap   total reserved 1572864K, committed 140288K, used 97744K [0x00000000a0000000, 0x0000000100000000)
  region size 1024K, 20 young (20480K), 4 survivors (4096K)
 Metaspace       used 76445K, committed 78464K, reserved 1179648K
  class space    used 8455K, committed 9408K, reserved 1048576K
GC Heap History (20 events):
Event: 6.731 GC heap before
{Heap before GC invocations=13 (full 0):
 garbage-first heap   total reserved 1572864K, committed 106496K, used 93686K [0x00000000a0000000, 0x0000000100000000)
  region size 1024K, 49 young (50176K), 5 survivors (5120K)
 Metaspace       used 52557K, committed 54208K, reserved 1114112K
  class space    used 5937K, committed 6720K, reserved 1048576K
}
Event: 6.734 GC heap after
{Heap after GC invocations=14 (full 0):
 garbage-first heap   total reserved 1572864K, committed 106496K, used 51427K [0x00000000a0000000, 0x0000000100000000)
  region size 1024K, 4 young (4096K), 4 survivors (4096K)
 Metaspace       used 52557K, committed 54208K, reserved 1114112K
  class space    used 5937K, committed 6720K, reserved 1048576K
}
Event: 6.824 GC heap before
{Heap before GC invocations=14 (full 0):
 garbage-first heap   total reserved 1572864K, committed 106496K, used 63715K [0x00000000a0000000, 0x0000000100000000)
  region size 1024K, 18 young (18432K), 4 survivors (4096K)
 Metaspace       used 52668K, committed 54400K, reserved 1114112K
  class space    used 5957K, committed 6784K, reserved 1048576K
}
Event: 6.827 GC heap after
{Heap after GC invocations=15 (full 0):
 garbage-first heap   total reserved 1572864K, committed 106496K, used 51622K [0x00000000a0000000, 0x0000000100000000)
  region size 1024K, 4 young (4096K), 4 survivors (4096K)
 Metaspace       used 52668K, committed 54400K, reserved 1114112K
  class space    used 5957K, committed 6784K, reserved 1048576K
}
Event: 7.327 GC heap before
{Heap before GC invocations=16 (full 0):
 garbage-first heap   total reserved 1572864K, committed 106496K, used 101798K [0x00000000a0000000, 0x0000000100000000)
  region size 1024K, 47 young (48128K), 4 survivors (4096K)
 Metaspace       used 55327K, committed 57088K, reserved 1114112K
  class space    used 6209K, committed 7040K, reserved 1048576K
}
Event: 7.331 GC heap after
{Heap after GC invocations=17 (full 0):
 garbage-first heap   total reserved 1572864K, committed 114688K, used 65335K [0x00000000a0000000, 0x0000000100000000)
  region size 1024K, 6 young (6144K), 6 survivors (6144K)
 Metaspace       used 55327K, committed 57088K, reserved 1114112K
  class space    used 6209K, committed 7040K, reserved 1048576K
}
Event: 7.714 GC heap before
{Heap before GC invocations=17 (full 0):
 garbage-first heap   total reserved 1572864K, committed 114688K, used 100151K [0x00000000a0000000, 0x0000000100000000)
  region size 1024K, 41 young (41984K), 6 survivors (6144K)
 Metaspace       used 59327K, committed 61120K, reserved 1114112K
  class space    used 6540K, committed 7360K, reserved 1048576K
}
Event: 7.718 GC heap after
{Heap after GC invocations=18 (full 0):
 garbage-first heap   total reserved 1572864K, committed 114688K, used 65844K [0x00000000a0000000, 0x0000000100000000)
  region size 1024K, 2 young (2048K), 2 survivors (2048K)
 Metaspace       used 59327K, committed 61120K, reserved 1114112K
  class space    used 6540K, committed 7360K, reserved 1048576K
}
Event: 8.249 GC heap before
{Heap before GC invocations=18 (full 0):
 garbage-first heap   total reserved 1572864K, committed 114688K, used 103732K [0x00000000a0000000, 0x0000000100000000)
  region size 1024K, 39 young (39936K), 2 survivors (2048K)
 Metaspace       used 63642K, committed 65536K, reserved 1114112K
  class space    used 7012K, committed 7936K, reserved 1048576K
}
Event: 8.253 GC heap after
{Heap after GC invocations=19 (full 0):
 garbage-first heap   total reserved 1572864K, committed 114688K, used 68614K [0x00000000a0000000, 0x0000000100000000)
  region size 1024K, 4 young (4096K), 4 survivors (4096K)
 Metaspace       used 63642K, committed 65536K, reserved 1114112K
  class space    used 7012K, committed 7936K, reserved 1048576K
}
Event: 8.633 GC heap before
{Heap before GC invocations=20 (full 0):
 garbage-first heap   total reserved 1572864K, committed 116736K, used 107526K [0x00000000a0000000, 0x0000000100000000)
  region size 1024K, 37 young (37888K), 4 survivors (4096K)
 Metaspace       used 65288K, committed 67136K, reserved 1114112K
  class space    used 7152K, committed 8000K, reserved 1048576K
}
Event: 8.640 GC heap after
{Heap after GC invocations=21 (full 0):
 garbage-first heap   total reserved 1572864K, committed 116736K, used 73468K [0x00000000a0000000, 0x0000000100000000)
  region size 1024K, 5 young (5120K), 5 survivors (5120K)
 Metaspace       used 65288K, committed 67136K, reserved 1114112K
  class space    used 7152K, committed 8000K, reserved 1048576K
}
Event: 9.078 GC heap before
{Heap before GC invocations=21 (full 0):
 garbage-first heap   total reserved 1572864K, committed 116736K, used 103164K [0x00000000a0000000, 0x0000000100000000)
  region size 1024K, 34 young (34816K), 5 survivors (5120K)
 Metaspace       used 67305K, committed 69184K, reserved 1114112K
  class space    used 7381K, committed 8256K, reserved 1048576K
}
Event: 9.083 GC heap after
{Heap after GC invocations=22 (full 0):
 garbage-first heap   total reserved 1572864K, committed 140288K, used 74766K [0x00000000a0000000, 0x0000000100000000)
  region size 1024K, 2 young (2048K), 2 survivors (2048K)
 Metaspace       used 67305K, committed 69184K, reserved 1114112K
  class space    used 7381K, committed 8256K, reserved 1048576K
}
Event: 9.496 GC heap before
{Heap before GC invocations=22 (full 0):
 garbage-first heap   total reserved 1572864K, committed 140288K, used 122894K [0x00000000a0000000, 0x0000000100000000)
  region size 1024K, 49 young (50176K), 2 survivors (2048K)
 Metaspace       used 67978K, committed 69888K, reserved 1114112K
  class space    used 7452K, committed 8320K, reserved 1048576K
}
Event: 9.500 GC heap after
{Heap after GC invocations=23 (full 0):
 garbage-first heap   total reserved 1572864K, committed 140288K, used 78895K [0x00000000a0000000, 0x0000000100000000)
  region size 1024K, 6 young (6144K), 6 survivors (6144K)
 Metaspace       used 67978K, committed 69888K, reserved 1114112K
  class space    used 7452K, committed 8320K, reserved 1048576K
}
Event: 10.256 GC heap before
{Heap before GC invocations=23 (full 0):
 garbage-first heap   total reserved 1572864K, committed 140288K, used 118831K [0x00000000a0000000, 0x0000000100000000)
  region size 1024K, 46 young (47104K), 6 survivors (6144K)
 Metaspace       used 71332K, committed 73280K, reserved 1114112K
  class space    used 7855K, committed 8768K, reserved 1048576K
}
Event: 10.263 GC heap after
{Heap after GC invocations=24 (full 0):
 garbage-first heap   total reserved 1572864K, committed 140288K, used 81169K [0x00000000a0000000, 0x0000000100000000)
  region size 1024K, 3 young (3072K), 3 survivors (3072K)
 Metaspace       used 71332K, committed 73280K, reserved 1114112K
  class space    used 7855K, committed 8768K, reserved 1048576K
}
Event: 11.226 GC heap before
{Heap before GC invocations=25 (full 0):
 garbage-first heap   total reserved 1572864K, committed 140288K, used 127249K [0x00000000a0000000, 0x0000000100000000)
  region size 1024K, 47 young (48128K), 3 survivors (3072K)
 Metaspace       used 75068K, committed 77056K, reserved 1179648K
  class space    used 8308K, committed 9216K, reserved 1048576K
}
Event: 11.230 GC heap after
{Heap after GC invocations=26 (full 0):
 garbage-first heap   total reserved 1572864K, committed 140288K, used 82384K [0x00000000a0000000, 0x0000000100000000)
  region size 1024K, 4 young (4096K), 4 survivors (4096K)
 Metaspace       used 75068K, committed 77056K, reserved 1179648K
  class space    used 8308K, committed 9216K, reserved 1048576K
}

