# JRE version: Java(TM) SE Runtime Environment (24.0.1+9) (build 24.0.1+9-30)
# Java VM: Java HotSpot(TM) 64-Bit Server VM (24.0.1+9-30, mixed mode, sharing, tiered, compressed oops, compressed class ptrs, g1 gc, windows-amd64)
GC Precious Log:
 CardTable entry size: 512
 Card Set container configuration: InlinePtr #cards 5 size 8 Array Of Cards #cards 10 size 36 Howl #buckets 4 coarsen threshold 1843 Howl Bitmap #cards 512 size 80 coarsen threshold 460 Card regions per heap region 1 cards per card region 2048
 CPUs: 16 total, 16 available
 Memory: 16068M
 Large Page Support: Disabled
 NUMA Support: Disabled
 Compressed Oops: Enabled (32-bit)
 Heap Region Size: 1M
 Heap Min Capacity: 8M
 Heap Initial Capacity: 252M
 Heap Max Capacity: 1536M
 Pre-touch: Disabled
 Parallel Workers: 13
 Concurrent Workers: 3
 Concurrent Refinement Workers: 13
 Periodic GC: Disabled
Heap:
 garbage-first heap   total reserved 1572864K, committed 143360K, used 102517K [0x00000000a0000000, 0x0000000100000000)
  region size 1024K, 7 young (7168K), 5 survivors (5120K)
 Metaspace       used 81207K, committed 83264K, reserved 1179648K
  class space    used 8918K, committed 9856K, reserved 1048576K
GC Heap History (20 events):
Event: 8.273 GC heap before
{Heap before GC invocations=21 (full 0):
 garbage-first heap   total reserved 1572864K, committed 112640K, used 99464K [0x00000000a0000000, 0x0000000100000000)
  region size 1024K, 33 young (33792K), 5 survivors (5120K)
 Metaspace       used 65688K, committed 67648K, reserved 1114112K
  class space    used 7227K, committed 8128K, reserved 1048576K
}
Event: 8.280 GC heap after
{Heap after GC invocations=22 (full 0):
 garbage-first heap   total reserved 1572864K, committed 135168K, used 73414K [0x00000000a0000000, 0x0000000100000000)
  region size 1024K, 2 young (2048K), 2 survivors (2048K)
 Metaspace       used 65688K, committed 67648K, reserved 1114112K
  class space    used 7227K, committed 8128K, reserved 1048576K
}
Event: 9.052 GC heap before
{Heap before GC invocations=22 (full 0):
 garbage-first heap   total reserved 1572864K, committed 135168K, used 120518K [0x00000000a0000000, 0x0000000100000000)
  region size 1024K, 48 young (49152K), 2 survivors (2048K)
 Metaspace       used 67632K, committed 69504K, reserved 1114112K
  class space    used 7431K, committed 8320K, reserved 1048576K
}
Event: 9.056 GC heap after
{Heap after GC invocations=23 (full 0):
 garbage-first heap   total reserved 1572864K, committed 135168K, used 76439K [0x00000000a0000000, 0x0000000100000000)
  region size 1024K, 5 young (5120K), 5 survivors (5120K)
 Metaspace       used 67632K, committed 69504K, reserved 1114112K
  class space    used 7431K, committed 8320K, reserved 1048576K
}
Event: 9.642 GC heap before
{Heap before GC invocations=23 (full 0):
 garbage-first heap   total reserved 1572864K, committed 135168K, used 121495K [0x00000000a0000000, 0x0000000100000000)
  region size 1024K, 49 young (50176K), 5 survivors (5120K)
 Metaspace       used 69745K, committed 71744K, reserved 1114112K
  class space    used 7654K, committed 8576K, reserved 1048576K
}
Event: 9.649 GC heap after
{Heap after GC invocations=24 (full 0):
 garbage-first heap   total reserved 1572864K, committed 135168K, used 79746K [0x00000000a0000000, 0x0000000100000000)
  region size 1024K, 7 young (7168K), 7 survivors (7168K)
 Metaspace       used 69745K, committed 71744K, reserved 1114112K
  class space    used 7654K, committed 8576K, reserved 1048576K
}
Event: 9.967 GC heap before
{Heap before GC invocations=24 (full 0):
 garbage-first heap   total reserved 1572864K, committed 135168K, used 98178K [0x00000000a0000000, 0x0000000100000000)
  region size 1024K, 26 young (26624K), 7 survivors (7168K)
 Metaspace       used 71242K, committed 73216K, reserved 1114112K
  class space    used 7863K, committed 8768K, reserved 1048576K
}
Event: 9.977 GC heap after
{Heap after GC invocations=25 (full 0):
 garbage-first heap   total reserved 1572864K, committed 135168K, used 81324K [0x00000000a0000000, 0x0000000100000000)
  region size 1024K, 5 young (5120K), 5 survivors (5120K)
 Metaspace       used 71242K, committed 73216K, reserved 1114112K
  class space    used 7863K, committed 8768K, reserved 1048576K
}
Event: 10.879 GC heap before
{Heap before GC invocations=26 (full 0):
 garbage-first heap   total reserved 1572864K, committed 138240K, used 122284K [0x00000000a0000000, 0x0000000100000000)
  region size 1024K, 44 young (45056K), 5 survivors (5120K)
 Metaspace       used 74563K, committed 76608K, reserved 1179648K
  class space    used 8257K, committed 9216K, reserved 1048576K
}
Event: 10.885 GC heap after
{Heap after GC invocations=27 (full 0):
 garbage-first heap   total reserved 1572864K, committed 138240K, used 82436K [0x00000000a0000000, 0x0000000100000000)
  region size 1024K, 3 young (3072K), 3 survivors (3072K)
 Metaspace       used 74563K, committed 76608K, reserved 1179648K
  class space    used 8257K, committed 9216K, reserved 1048576K
}
Event: 11.664 GC heap before
{Heap before GC invocations=27 (full 0):
 garbage-first heap   total reserved 1572864K, committed 138240K, used 126468K [0x00000000a0000000, 0x0000000100000000)
  region size 1024K, 46 young (47104K), 3 survivors (3072K)
 Metaspace       used 77485K, committed 79552K, reserved 1179648K
  class space    used 8590K, committed 9536K, reserved 1048576K
}
Event: 11.671 GC heap after
{Heap after GC invocations=28 (full 0):
 garbage-first heap   total reserved 1572864K, committed 138240K, used 84305K [0x00000000a0000000, 0x0000000100000000)
  region size 1024K, 5 young (5120K), 5 survivors (5120K)
 Metaspace       used 77485K, committed 79552K, reserved 1179648K
  class space    used 8590K, committed 9536K, reserved 1048576K
}
Event: 11.846 GC heap before
{Heap before GC invocations=28 (full 0):
 garbage-first heap   total reserved 1572864K, committed 138240K, used 123217K [0x00000000a0000000, 0x0000000100000000)
  region size 1024K, 44 young (45056K), 5 survivors (5120K)
 Metaspace       used 77528K, committed 79552K, reserved 1179648K
  class space    used 8597K, committed 9536K, reserved 1048576K
}
Event: 11.851 GC heap after
{Heap after GC invocations=29 (full 0):
 garbage-first heap   total reserved 1572864K, committed 138240K, used 85624K [0x00000000a0000000, 0x0000000100000000)
  region size 1024K, 4 young (4096K), 4 survivors (4096K)
 Metaspace       used 77528K, committed 79552K, reserved 1179648K
  class space    used 8597K, committed 9536K, reserved 1048576K
}
Event: 12.270 GC heap before
{Heap before GC invocations=30 (full 0):
 garbage-first heap   total reserved 1572864K, committed 143360K, used 126584K [0x00000000a0000000, 0x0000000100000000)
  region size 1024K, 44 young (45056K), 4 survivors (4096K)
 Metaspace       used 78100K, committed 80192K, reserved 1179648K
  class space    used 8684K, committed 9664K, reserved 1048576K
}
Event: 12.282 GC heap after
{Heap after GC invocations=31 (full 0):
 garbage-first heap   total reserved 1572864K, committed 143360K, used 89087K [0x00000000a0000000, 0x0000000100000000)
  region size 1024K, 5 young (5120K), 5 survivors (5120K)
 Metaspace       used 78100K, committed 80192K, reserved 1179648K
  class space    used 8684K, committed 9664K, reserved 1048576K
}
Event: 12.926 GC heap before
{Heap before GC invocations=31 (full 0):
 garbage-first heap   total reserved 1572864K, committed 143360K, used 130047K [0x00000000a0000000, 0x0000000100000000)
  region size 1024K, 45 young (46080K), 5 survivors (5120K)
 Metaspace       used 79272K, committed 81408K, reserved 1179648K
  class space    used 8818K, committed 9792K, reserved 1048576K
}
Event: 12.936 GC heap after
{Heap after GC invocations=32 (full 0):
 garbage-first heap   total reserved 1572864K, committed 143360K, used 91900K [0x00000000a0000000, 0x0000000100000000)
  region size 1024K, 4 young (4096K), 4 survivors (4096K)
 Metaspace       used 79272K, committed 81408K, reserved 1179648K
  class space    used 8818K, committed 9792K, reserved 1048576K
}
Event: 13.227 GC heap before
{Heap before GC invocations=32 (full 0):
 garbage-first heap   total reserved 1572864K, committed 143360K, used 109308K [0x00000000a0000000, 0x0000000100000000)
  region size 1024K, 23 young (23552K), 4 survivors (4096K)
 Metaspace       used 80398K, committed 82496K, reserved 1179648K
  class space    used 8897K, committed 9856K, reserved 1048576K
}
Event: 13.239 GC heap after
{Heap after GC invocations=33 (full 0):
 garbage-first heap   total reserved 1572864K, committed 143360K, used 96373K [0x00000000a0000000, 0x0000000100000000)
  region size 1024K, 5 young (5120K), 5 survivors (5120K)
 Metaspace       used 80398K, committed 82496K, reserved 1179648K
  class space    used 8897K, committed 9856K, reserved 1048576K
}

